<?xml version="1.0" encoding="UTF-8"?>
<testng-results skipped="0" failed="0" ignored="0" total="1" passed="1">
  <reporter-output>
  </reporter-output>
  <suite name="Surefire suite" duration-ms="5029" started-at="2021-11-30T02:19:35Z" finished-at="2021-11-30T02:19:40Z">
    <groups>
    </groups>
    <test name="Surefire test" duration-ms="5029" started-at="2021-11-30T02:19:35Z" finished-at="2021-11-30T02:19:40Z">
      <class name="testng.LoginTest">
        <test-method status="PASS" signature="test1()[pri:0, instance:testng.LoginTest@16c0663d]" name="test1" duration-ms="5014" started-at="2021-11-30T02:19:35Z" finished-at="2021-11-30T02:19:40Z">
          <reporter-output>
          </reporter-output>
        </test-method> <!-- test1 -->
      </class> <!-- testng.LoginTest -->
    </test> <!-- Surefire test -->
  </suite> <!-- Surefire suite -->
</testng-results>
